<?xml version="1.0" encoding="UTF-8"?>
<testsuite xmlns:xsi="http://www.w3.org/2001/XMLSchema-instance" xsi:noNamespaceSchemaLocation="https://maven.apache.org/surefire/maven-surefire-plugin/xsd/surefire-test-report-3.0.xsd" version="3.0" name="cse565.VendingMachineTest" time="0.184" tests="13" errors="0" skipped="0" failures="0">
  <properties>
[...]
</properties>
  <testcase name="cokeOverpayment" classname="cse565.VendingMachineTest" time="0.062"/>
  <testcase name="candyExactChange" classname="cse565.VendingMachineTest" time="0.003"/>
  <testcase name="coffeeLowFunds" classname="cse565.VendingMachineTest" time="0.004"/>
  <testcase name="cokeNearThreshold" classname="cse565.VendingMachineTest" time="0.002"/>
  <testcase name="cokeLowFunds" classname="cse565.VendingMachineTest" time="0.003"/>
  <testcase name="constructVendingMachine" classname="cse565.VendingMachineTest" time="0.002"/>
  <testcase name="coffeeInsufficientHighFunds" classname="cse565.VendingMachineTest" time="0.002"/>
  <testcase name="cokeExactChange" classname="cse565.VendingMachineTest" time="0.003"/>
  <testcase name="candyInsufficientFunds" classname="cse565.VendingMachineTest" time="0.002"/>
  <testcase name="coffeeOverpayment" classname="cse565.VendingMachineTest" time="0.003"/>
  <testcase name="candyOverpayment" classname="cse565.VendingMachineTest" time="0.002"/>
  <testcase name="coffeeNearThreshold" classname="cse565.VendingMachineTest" time="0.001"/>
  <testcase name="coffeeExactChange" classname="cse565.VendingMachineTest" time="0.001"/>
</testsuite>